{"C:\\Users\\ASUS\\Desktop\\web\\app.js": {"path":"C:\\Users\\ASUS\\Desktop\\web\\app.js","statementMap":{"0":{"start":{"line":2,"column":11},"end":{"line":2,"column":26}},"1":{"start":{"line":3,"column":14},"end":{"line":3,"column":32}},"2":{"start":{"line":5,"column":11},"end":{"line":5,"column":26}},"3":{"start":{"line":6,"column":14},"end":{"line":6,"column":31}},"4":{"start":{"line":8,"column":17},"end":{"line":8,"column":39}},"5":{"start":{"line":9,"column":15},"end":{"line":9,"column":34}},"6":{"start":{"line":10,"column":13},"end":{"line":10,"column":30}},"7":{"start":{"line":11,"column":17},"end":{"line":11,"column":42}},"8":{"start":{"line":16,"column":10},"end":{"line":16,"column":19}},"9":{"start":{"line":19,"column":0},"end":{"line":19,"column":56}},"10":{"start":{"line":20,"column":0},"end":{"line":20,"column":47}},"11":{"start":{"line":21,"column":0},"end":{"line":21,"column":30}},"12":{"start":{"line":22,"column":0},"end":{"line":22,"column":26}},"13":{"start":{"line":24,"column":0},"end":{"line":24,"column":15}},"14":{"start":{"line":25,"column":0},"end":{"line":25,"column":23}},"15":{"start":{"line":26,"column":0},"end":{"line":26,"column":23}},"16":{"start":{"line":27,"column":0},"end":{"line":33,"column":1}},"17":{"start":{"line":35,"column":0},"end":{"line":41,"column":2}},"18":{"start":{"line":37,"column":4},"end":{"line":37,"column":37}},"19":{"start":{"line":40,"column":4},"end":{"line":40,"column":46}},"20":{"start":{"line":43,"column":0},"end":{"line":43,"column":23}},"21":{"start":{"line":47,"column":1},"end":{"line":47,"column":69}},"22":{"start":{"line":47,"column":32},"end":{"line":47,"column":67}},"23":{"start":{"line":48,"column":0},"end":{"line":48,"column":21}}},"fnMap":{"0":{"name":"(anonymous_0)","decl":{"start":{"line":36,"column":6},"end":{"line":36,"column":7}},"loc":{"start":{"line":36,"column":12},"end":{"line":39,"column":1}},"line":36},"1":{"name":"(anonymous_1)","decl":{"start":{"line":39,"column":9},"end":{"line":39,"column":10}},"loc":{"start":{"line":39,"column":13},"end":{"line":41,"column":1}},"line":39},"2":{"name":"(anonymous_2)","decl":{"start":{"line":47,"column":27},"end":{"line":47,"column":28}},"loc":{"start":{"line":47,"column":32},"end":{"line":47,"column":67}},"line":47}},"branchMap":{},"s":{"0":2,"1":2,"2":2,"3":2,"4":2,"5":2,"6":2,"7":2,"8":2,"9":2,"10":2,"11":2,"12":2,"13":2,"14":2,"15":2,"16":2,"17":2,"18":2,"19":0,"20":2,"21":2,"22":2,"23":2},"f":{"0":2,"1":0,"2":2},"b":{},"_coverageSchema":"1a1c01bbd47fc00a2c39e90264f33305004495a9","hash":"4d3dda4021a2496bafec5fc242f8ecfab09fa339"}
,"C:\\Users\\ASUS\\Desktop\\web\\controllers\\jobController.js": {"path":"C:\\Users\\ASUS\\Desktop\\web\\controllers\\jobController.js","statementMap":{"0":{"start":{"line":2,"column":17},"end":{"line":2,"column":36}},"1":{"start":{"line":3,"column":12},"end":{"line":3,"column":42}},"2":{"start":{"line":6,"column":0},"end":{"line":8,"column":2}},"3":{"start":{"line":7,"column":4},"end":{"line":7,"column":26}},"4":{"start":{"line":10,"column":0},"end":{"line":41,"column":5}},"5":{"start":{"line":11,"column":61},"end":{"line":11,"column":69}},"6":{"start":{"line":14,"column":4},"end":{"line":40,"column":1}},"7":{"start":{"line":15,"column":8},"end":{"line":15,"column":71}},"8":{"start":{"line":16,"column":8},"end":{"line":16,"column":15}},"9":{"start":{"line":19,"column":12},"end":{"line":25,"column":2}},"10":{"start":{"line":27,"column":4},"end":{"line":38,"column":7}},"11":{"start":{"line":31,"column":8},"end":{"line":31,"column":35}},"12":{"start":{"line":35,"column":8},"end":{"line":37,"column":11}},"13":{"start":{"line":45,"column":0},"end":{"line":75,"column":5}},"14":{"start":{"line":47,"column":4},"end":{"line":74,"column":9}},"15":{"start":{"line":48,"column":19},"end":{"line":48,"column":31}},"16":{"start":{"line":49,"column":8},"end":{"line":61,"column":14}},"17":{"start":{"line":51,"column":16},"end":{"line":57,"column":17}},"18":{"start":{"line":52,"column":20},"end":{"line":52,"column":83}},"19":{"start":{"line":55,"column":20},"end":{"line":55,"column":34}},"20":{"start":{"line":60,"column":16},"end":{"line":60,"column":85}},"21":{"start":{"line":64,"column":8},"end":{"line":73,"column":14}},"22":{"start":{"line":67,"column":16},"end":{"line":67,"column":29}},"23":{"start":{"line":72,"column":16},"end":{"line":72,"column":115}},"24":{"start":{"line":80,"column":0},"end":{"line":108,"column":1}},"25":{"start":{"line":81,"column":61},"end":{"line":81,"column":69}},"26":{"start":{"line":82,"column":4},"end":{"line":89,"column":9}},"27":{"start":{"line":83,"column":8},"end":{"line":83,"column":77}},"28":{"start":{"line":92,"column":14},"end":{"line":92,"column":57}},"29":{"start":{"line":93,"column":4},"end":{"line":107,"column":10}},"30":{"start":{"line":95,"column":12},"end":{"line":101,"column":13}},"31":{"start":{"line":96,"column":16},"end":{"line":96,"column":110}},"32":{"start":{"line":98,"column":16},"end":{"line":98,"column":71}},"33":{"start":{"line":104,"column":15},"end":{"line":105,"column":61}},"34":{"start":{"line":111,"column":0},"end":{"line":123,"column":1}},"35":{"start":{"line":112,"column":4},"end":{"line":122,"column":6}},"36":{"start":{"line":113,"column":23},"end":{"line":113,"column":65}},"37":{"start":{"line":114,"column":12},"end":{"line":115,"column":103}},"38":{"start":{"line":115,"column":15},"end":{"line":115,"column":103}},"39":{"start":{"line":118,"column":12},"end":{"line":118,"column":59}},"40":{"start":{"line":119,"column":13},"end":{"line":122,"column":5}},"41":{"start":{"line":120,"column":8},"end":{"line":120,"column":62}}},"fnMap":{"0":{"name":"(anonymous_0)","decl":{"start":{"line":6,"column":17},"end":{"line":6,"column":18}},"loc":{"start":{"line":6,"column":36},"end":{"line":8,"column":1}},"line":6},"1":{"name":"(anonymous_1)","decl":{"start":{"line":10,"column":17},"end":{"line":10,"column":18}},"loc":{"start":{"line":10,"column":34},"end":{"line":41,"column":5}},"line":10},"2":{"name":"(anonymous_2)","decl":{"start":{"line":28,"column":10},"end":{"line":28,"column":11}},"loc":{"start":{"line":28,"column":18},"end":{"line":33,"column":5}},"line":28},"3":{"name":"(anonymous_3)","decl":{"start":{"line":34,"column":11},"end":{"line":34,"column":12}},"loc":{"start":{"line":34,"column":17},"end":{"line":38,"column":5}},"line":34},"4":{"name":"(anonymous_4)","decl":{"start":{"line":45,"column":15},"end":{"line":45,"column":16}},"loc":{"start":{"line":45,"column":27},"end":{"line":75,"column":5}},"line":45},"5":{"name":"(anonymous_5)","decl":{"start":{"line":50,"column":18},"end":{"line":50,"column":19}},"loc":{"start":{"line":50,"column":25},"end":{"line":58,"column":13}},"line":50},"6":{"name":"(anonymous_6)","decl":{"start":{"line":59,"column":19},"end":{"line":59,"column":20}},"loc":{"start":{"line":59,"column":25},"end":{"line":61,"column":13}},"line":59},"7":{"name":"(anonymous_7)","decl":{"start":{"line":65,"column":18},"end":{"line":65,"column":19}},"loc":{"start":{"line":65,"column":25},"end":{"line":70,"column":14}},"line":65},"8":{"name":"(anonymous_8)","decl":{"start":{"line":71,"column":19},"end":{"line":71,"column":20}},"loc":{"start":{"line":71,"column":26},"end":{"line":73,"column":13}},"line":71},"9":{"name":"(anonymous_9)","decl":{"start":{"line":80,"column":17},"end":{"line":80,"column":18}},"loc":{"start":{"line":80,"column":29},"end":{"line":108,"column":1}},"line":80},"10":{"name":"(anonymous_10)","decl":{"start":{"line":94,"column":14},"end":{"line":94,"column":15}},"loc":{"start":{"line":94,"column":22},"end":{"line":102,"column":9}},"line":94},"11":{"name":"(anonymous_11)","decl":{"start":{"line":103,"column":15},"end":{"line":103,"column":16}},"loc":{"start":{"line":103,"column":21},"end":{"line":107,"column":9}},"line":103},"12":{"name":"(anonymous_12)","decl":{"start":{"line":111,"column":17},"end":{"line":111,"column":18}},"loc":{"start":{"line":111,"column":35},"end":{"line":123,"column":1}},"line":111},"13":{"name":"(anonymous_13)","decl":{"start":{"line":119,"column":13},"end":{"line":119,"column":14}},"loc":{"start":{"line":119,"column":19},"end":{"line":122,"column":5}},"line":119}},"branchMap":{"0":{"loc":{"start":{"line":14,"column":4},"end":{"line":40,"column":1}},"type":"if","locations":[{"start":{"line":14,"column":4},"end":{"line":40,"column":1}},{"start":{"line":17,"column":10},"end":{"line":40,"column":1}}],"line":14},"1":{"loc":{"start":{"line":14,"column":7},"end":{"line":14,"column":71}},"type":"binary-expr","locations":[{"start":{"line":14,"column":7},"end":{"line":14,"column":16}},{"start":{"line":14,"column":20},"end":{"line":14,"column":36}},{"start":{"line":14,"column":40},"end":{"line":14,"column":52}},{"start":{"line":14,"column":56},"end":{"line":14,"column":71}}],"line":14},"2":{"loc":{"start":{"line":36,"column":22},"end":{"line":36,"column":92}},"type":"binary-expr","locations":[{"start":{"line":36,"column":22},"end":{"line":36,"column":33}},{"start":{"line":36,"column":37},"end":{"line":36,"column":92}}],"line":36},"3":{"loc":{"start":{"line":47,"column":4},"end":{"line":74,"column":9}},"type":"if","locations":[{"start":{"line":47,"column":4},"end":{"line":74,"column":9}},{"start":{"line":63,"column":9},"end":{"line":74,"column":9}}],"line":47},"4":{"loc":{"start":{"line":51,"column":16},"end":{"line":57,"column":17}},"type":"if","locations":[{"start":{"line":51,"column":16},"end":{"line":57,"column":17}},{"start":{"line":53,"column":21},"end":{"line":57,"column":17}}],"line":51},"5":{"loc":{"start":{"line":72,"column":49},"end":{"line":72,"column":112}},"type":"binary-expr","locations":[{"start":{"line":72,"column":49},"end":{"line":72,"column":60}},{"start":{"line":72,"column":64},"end":{"line":72,"column":112}}],"line":72},"6":{"loc":{"start":{"line":82,"column":4},"end":{"line":89,"column":9}},"type":"if","locations":[{"start":{"line":82,"column":4},"end":{"line":89,"column":9}},{"start":{},"end":{}}],"line":82},"7":{"loc":{"start":{"line":82,"column":7},"end":{"line":82,"column":71}},"type":"binary-expr","locations":[{"start":{"line":82,"column":7},"end":{"line":82,"column":16}},{"start":{"line":82,"column":20},"end":{"line":82,"column":36}},{"start":{"line":82,"column":40},"end":{"line":82,"column":52}},{"start":{"line":82,"column":56},"end":{"line":82,"column":71}}],"line":82},"8":{"loc":{"start":{"line":95,"column":12},"end":{"line":101,"column":13}},"type":"if","locations":[{"start":{"line":95,"column":12},"end":{"line":101,"column":13}},{"start":{"line":97,"column":17},"end":{"line":101,"column":13}}],"line":95},"9":{"loc":{"start":{"line":114,"column":12},"end":{"line":115,"column":103}},"type":"if","locations":[{"start":{"line":114,"column":12},"end":{"line":115,"column":103}},{"start":{},"end":{}}],"line":114}},"s":{"0":2,"1":2,"2":2,"3":0,"4":2,"5":19,"6":19,"7":6,"8":6,"9":13,"10":13,"11":13,"12":0,"13":2,"14":11,"15":2,"16":2,"17":2,"18":1,"19":1,"20":0,"21":9,"22":9,"23":0,"24":2,"25":7,"26":7,"27":4,"28":3,"29":2,"30":2,"31":1,"32":1,"33":0,"34":2,"35":2,"36":2,"37":2,"38":1,"39":1,"40":0,"41":0},"f":{"0":0,"1":19,"2":13,"3":0,"4":11,"5":2,"6":0,"7":9,"8":0,"9":7,"10":2,"11":0,"12":2,"13":0},"b":{"0":[6,13],"1":[19,17,16,14],"2":[0,0],"3":[2,9],"4":[1,1],"5":[0,0],"6":[4,3],"7":[7,6,5,4],"8":[1,1],"9":[1,1]},"_coverageSchema":"1a1c01bbd47fc00a2c39e90264f33305004495a9","hash":"d28afe219868c4b04cfb39d7ca29d352252460e6"}
,"C:\\Users\\ASUS\\Desktop\\web\\controllers\\userController.js": {"path":"C:\\Users\\ASUS\\Desktop\\web\\controllers\\userController.js","statementMap":{"0":{"start":{"line":3,"column":15},"end":{"line":3,"column":33}},"1":{"start":{"line":4,"column":18},"end":{"line":4,"column":38}},"2":{"start":{"line":6,"column":15},"end":{"line":6,"column":32}},"3":{"start":{"line":7,"column":15},"end":{"line":7,"column":32}},"4":{"start":{"line":8,"column":13},"end":{"line":8,"column":44}},"5":{"start":{"line":11,"column":0},"end":{"line":13,"column":6}},"6":{"start":{"line":12,"column":8},"end":{"line":12,"column":29}},"7":{"start":{"line":16,"column":0},"end":{"line":68,"column":1}},"8":{"start":{"line":17,"column":39},"end":{"line":17,"column":47}},"9":{"start":{"line":19,"column":4},"end":{"line":67,"column":5}},"10":{"start":{"line":20,"column":8},"end":{"line":22,"column":10}},"11":{"start":{"line":23,"column":11},"end":{"line":67,"column":5}},"12":{"start":{"line":24,"column":8},"end":{"line":26,"column":10}},"13":{"start":{"line":27,"column":11},"end":{"line":67,"column":5}},"14":{"start":{"line":28,"column":8},"end":{"line":30,"column":10}},"15":{"start":{"line":31,"column":11},"end":{"line":67,"column":5}},"16":{"start":{"line":32,"column":8},"end":{"line":34,"column":10}},"17":{"start":{"line":38,"column":8},"end":{"line":65,"column":6}},"18":{"start":{"line":39,"column":12},"end":{"line":58,"column":9}},"19":{"start":{"line":40,"column":16},"end":{"line":42,"column":18}},"20":{"start":{"line":48,"column":12},"end":{"line":57,"column":14}},"21":{"start":{"line":49,"column":29},"end":{"line":53,"column":18}},"22":{"start":{"line":54,"column":12},"end":{"line":54,"column":23}},"23":{"start":{"line":55,"column":12},"end":{"line":55,"column":31}},"24":{"start":{"line":62,"column":7},"end":{"line":64,"column":10}},"25":{"start":{"line":71,"column":0},"end":{"line":73,"column":1}},"26":{"start":{"line":72,"column":4},"end":{"line":72,"column":24}},"27":{"start":{"line":75,"column":0},"end":{"line":122,"column":1}},"28":{"start":{"line":77,"column":4},"end":{"line":120,"column":5}},"29":{"start":{"line":78,"column":44},"end":{"line":78,"column":52}},"30":{"start":{"line":82,"column":8},"end":{"line":86,"column":9}},"31":{"start":{"line":83,"column":12},"end":{"line":85,"column":14}},"32":{"start":{"line":87,"column":21},"end":{"line":87,"column":54}},"33":{"start":{"line":89,"column":8},"end":{"line":113,"column":11}},"34":{"start":{"line":90,"column":13},"end":{"line":94,"column":14}},"35":{"start":{"line":105,"column":28},"end":{"line":105,"column":73}},"36":{"start":{"line":106,"column":12},"end":{"line":112,"column":13}},"37":{"start":{"line":107,"column":16},"end":{"line":109,"column":20}},"38":{"start":{"line":111,"column":15},"end":{"line":111,"column":40}},"39":{"start":{"line":117,"column":7},"end":{"line":119,"column":12}}},"fnMap":{"0":{"name":"(anonymous_0)","decl":{"start":{"line":11,"column":20},"end":{"line":11,"column":21}},"loc":{"start":{"line":11,"column":39},"end":{"line":13,"column":5}},"line":11},"1":{"name":"(anonymous_1)","decl":{"start":{"line":16,"column":21},"end":{"line":16,"column":22}},"loc":{"start":{"line":16,"column":35},"end":{"line":68,"column":1}},"line":16},"2":{"name":"(anonymous_2)","decl":{"start":{"line":38,"column":32},"end":{"line":38,"column":33}},"loc":{"start":{"line":38,"column":42},"end":{"line":60,"column":5}},"line":38},"3":{"name":"(anonymous_3)","decl":{"start":{"line":48,"column":42},"end":{"line":48,"column":43}},"loc":{"start":{"line":48,"column":53},"end":{"line":57,"column":13}},"line":48},"4":{"name":"(anonymous_4)","decl":{"start":{"line":61,"column":11},"end":{"line":61,"column":12}},"loc":{"start":{"line":61,"column":18},"end":{"line":65,"column":5}},"line":61},"5":{"name":"(anonymous_5)","decl":{"start":{"line":71,"column":19},"end":{"line":71,"column":20}},"loc":{"start":{"line":71,"column":38},"end":{"line":73,"column":1}},"line":71},"6":{"name":"(anonymous_6)","decl":{"start":{"line":75,"column":20},"end":{"line":75,"column":21}},"loc":{"start":{"line":75,"column":45},"end":{"line":122,"column":1}},"line":75}},"branchMap":{"0":{"loc":{"start":{"line":19,"column":4},"end":{"line":67,"column":5}},"type":"if","locations":[{"start":{"line":19,"column":4},"end":{"line":67,"column":5}},{"start":{"line":23,"column":11},"end":{"line":67,"column":5}}],"line":19},"1":{"loc":{"start":{"line":19,"column":8},"end":{"line":19,"column":55}},"type":"binary-expr","locations":[{"start":{"line":19,"column":8},"end":{"line":19,"column":22}},{"start":{"line":19,"column":26},"end":{"line":19,"column":37}},{"start":{"line":19,"column":41},"end":{"line":19,"column":55}}],"line":19},"2":{"loc":{"start":{"line":23,"column":11},"end":{"line":67,"column":5}},"type":"if","locations":[{"start":{"line":23,"column":11},"end":{"line":67,"column":5}},{"start":{"line":27,"column":11},"end":{"line":67,"column":5}}],"line":23},"3":{"loc":{"start":{"line":27,"column":11},"end":{"line":67,"column":5}},"type":"if","locations":[{"start":{"line":27,"column":11},"end":{"line":67,"column":5}},{"start":{"line":31,"column":11},"end":{"line":67,"column":5}}],"line":27},"4":{"loc":{"start":{"line":31,"column":11},"end":{"line":67,"column":5}},"type":"if","locations":[{"start":{"line":31,"column":11},"end":{"line":67,"column":5}},{"start":{"line":36,"column":11},"end":{"line":67,"column":5}}],"line":31},"5":{"loc":{"start":{"line":39,"column":12},"end":{"line":58,"column":9}},"type":"if","locations":[{"start":{"line":39,"column":12},"end":{"line":58,"column":9}},{"start":{"line":44,"column":15},"end":{"line":58,"column":9}}],"line":39},"6":{"loc":{"start":{"line":82,"column":8},"end":{"line":86,"column":9}},"type":"if","locations":[{"start":{"line":82,"column":8},"end":{"line":86,"column":9}},{"start":{},"end":{}}],"line":82},"7":{"loc":{"start":{"line":82,"column":13},"end":{"line":82,"column":42}},"type":"binary-expr","locations":[{"start":{"line":82,"column":13},"end":{"line":82,"column":24}},{"start":{"line":82,"column":28},"end":{"line":82,"column":42}}],"line":82},"8":{"loc":{"start":{"line":89,"column":8},"end":{"line":113,"column":11}},"type":"if","locations":[{"start":{"line":89,"column":8},"end":{"line":113,"column":11}},{"start":{"line":95,"column":15},"end":{"line":113,"column":11}}],"line":89},"9":{"loc":{"start":{"line":106,"column":12},"end":{"line":112,"column":13}},"type":"if","locations":[{"start":{"line":106,"column":12},"end":{"line":112,"column":13}},{"start":{"line":110,"column":17},"end":{"line":112,"column":13}}],"line":106}},"s":{"0":2,"1":2,"2":2,"3":2,"4":2,"5":2,"6":1,"7":2,"8":19,"9":19,"10":4,"11":15,"12":3,"13":12,"14":5,"15":7,"16":1,"17":6,"18":6,"19":0,"20":6,"21":6,"22":6,"23":6,"24":0,"25":2,"26":1,"27":2,"28":4,"29":4,"30":4,"31":1,"32":3,"33":3,"34":1,"35":2,"36":2,"37":1,"38":1,"39":0},"f":{"0":1,"1":19,"2":6,"3":6,"4":0,"5":1,"6":4},"b":{"0":[4,15],"1":[19,17,16],"2":[3,12],"3":[5,7],"4":[1,6],"5":[0,6],"6":[1,3],"7":[4,3],"8":[1,2],"9":[1,1]},"_coverageSchema":"1a1c01bbd47fc00a2c39e90264f33305004495a9","hash":"381b041c609ce709b2403a86783ae2053e013fe9"}
,"C:\\Users\\ASUS\\Desktop\\web\\models\\job.model.js": {"path":"C:\\Users\\ASUS\\Desktop\\web\\models\\job.model.js","statementMap":{"0":{"start":{"line":1,"column":17},"end":{"line":1,"column":36}},"1":{"start":{"line":2,"column":15},"end":{"line":2,"column":30}},"2":{"start":{"line":6,"column":18},"end":{"line":32,"column":2}},"3":{"start":{"line":35,"column":12},"end":{"line":35,"column":45}},"4":{"start":{"line":37,"column":0},"end":{"line":37,"column":20}}},"fnMap":{},"branchMap":{},"s":{"0":2,"1":2,"2":2,"3":2,"4":2},"f":{},"b":{},"_coverageSchema":"1a1c01bbd47fc00a2c39e90264f33305004495a9","hash":"b0976ca9a689b2e924e81de0301c8206f4005b63"}
,"C:\\Users\\ASUS\\Desktop\\web\\models\\user.model.js": {"path":"C:\\Users\\ASUS\\Desktop\\web\\models\\user.model.js","statementMap":{"0":{"start":{"line":1,"column":17},"end":{"line":1,"column":36}},"1":{"start":{"line":2,"column":32},"end":{"line":2,"column":51}},"2":{"start":{"line":3,"column":15},"end":{"line":3,"column":32}},"3":{"start":{"line":4,"column":12},"end":{"line":4,"column":35}},"4":{"start":{"line":5,"column":12},"end":{"line":5,"column":48}},"5":{"start":{"line":7,"column":0},"end":{"line":7,"column":11}},"6":{"start":{"line":10,"column":19},"end":{"line":32,"column":2}},"7":{"start":{"line":34,"column":0},"end":{"line":44,"column":1}},"8":{"start":{"line":35,"column":4},"end":{"line":42,"column":5}},"9":{"start":{"line":46,"column":13},"end":{"line":46,"column":47}},"10":{"start":{"line":47,"column":0},"end":{"line":47,"column":21}}},"fnMap":{"0":{"name":"(anonymous_0)","decl":{"start":{"line":34,"column":39},"end":{"line":34,"column":40}},"loc":{"start":{"line":34,"column":51},"end":{"line":44,"column":1}},"line":34}},"branchMap":{},"s":{"0":2,"1":2,"2":2,"3":2,"4":2,"5":2,"6":2,"7":2,"8":0,"9":2,"10":2},"f":{"0":0},"b":{},"_coverageSchema":"1a1c01bbd47fc00a2c39e90264f33305004495a9","hash":"e19903f7e377ef37266ebb247567e805fd154f14"}
,"C:\\Users\\ASUS\\Desktop\\web\\routes\\route.js": {"path":"C:\\Users\\ASUS\\Desktop\\web\\routes\\route.js","statementMap":{"0":{"start":{"line":1,"column":15},"end":{"line":1,"column":42}},"1":{"start":{"line":2,"column":19},"end":{"line":2,"column":41}},"2":{"start":{"line":4,"column":23},"end":{"line":4,"column":63}},"3":{"start":{"line":5,"column":22},"end":{"line":5,"column":61}},"4":{"start":{"line":6,"column":17},"end":{"line":6,"column":45}},"5":{"start":{"line":9,"column":0},"end":{"line":9,"column":47}},"6":{"start":{"line":10,"column":0},"end":{"line":10,"column":49}},"7":{"start":{"line":12,"column":0},"end":{"line":12,"column":45}},"8":{"start":{"line":13,"column":0},"end":{"line":13,"column":48}},"9":{"start":{"line":17,"column":0},"end":{"line":17,"column":37}},"10":{"start":{"line":18,"column":0},"end":{"line":18,"column":42}},"11":{"start":{"line":19,"column":0},"end":{"line":19,"column":40}},"12":{"start":{"line":20,"column":0},"end":{"line":20,"column":46}},"13":{"start":{"line":21,"column":0},"end":{"line":21,"column":52}},"14":{"start":{"line":22,"column":0},"end":{"line":22,"column":41}},"15":{"start":{"line":23,"column":0},"end":{"line":23,"column":46}},"16":{"start":{"line":28,"column":0},"end":{"line":28,"column":46}},"17":{"start":{"line":29,"column":0},"end":{"line":29,"column":45}},"18":{"start":{"line":30,"column":0},"end":{"line":30,"column":43}},"19":{"start":{"line":31,"column":0},"end":{"line":31,"column":49}},"20":{"start":{"line":32,"column":0},"end":{"line":32,"column":52}},"21":{"start":{"line":34,"column":0},"end":{"line":34,"column":23}}},"fnMap":{},"branchMap":{},"s":{"0":2,"1":2,"2":2,"3":2,"4":2,"5":2,"6":2,"7":2,"8":2,"9":2,"10":2,"11":2,"12":2,"13":2,"14":2,"15":2,"16":2,"17":2,"18":2,"19":2,"20":2,"21":2},"f":{},"b":{},"_coverageSchema":"1a1c01bbd47fc00a2c39e90264f33305004495a9","hash":"5e913e86d9a8f5656a8c1fb729f9f46190f11b2c"}
,"C:\\Users\\ASUS\\Desktop\\web\\service\\render.js": {"path":"C:\\Users\\ASUS\\Desktop\\web\\service\\render.js","statementMap":{"0":{"start":{"line":1,"column":14},"end":{"line":1,"column":30}},"1":{"start":{"line":3,"column":0},"end":{"line":12,"column":1}},"2":{"start":{"line":4,"column":4},"end":{"line":10,"column":6}},"3":{"start":{"line":6,"column":9},"end":{"line":6,"column":54}},"4":{"start":{"line":9,"column":8},"end":{"line":9,"column":34}},"5":{"start":{"line":14,"column":0},"end":{"line":25,"column":1}},"6":{"start":{"line":16,"column":4},"end":{"line":22,"column":10}},"7":{"start":{"line":18,"column":13},"end":{"line":18,"column":62}},"8":{"start":{"line":21,"column":12},"end":{"line":21,"column":26}},"9":{"start":{"line":26,"column":0},"end":{"line":28,"column":1}},"10":{"start":{"line":27,"column":4},"end":{"line":27,"column":26}},"11":{"start":{"line":34,"column":0},"end":{"line":44,"column":1}},"12":{"start":{"line":36,"column":4},"end":{"line":43,"column":10}},"13":{"start":{"line":38,"column":12},"end":{"line":38,"column":42}},"14":{"start":{"line":39,"column":12},"end":{"line":39,"column":57}},"15":{"start":{"line":42,"column":12},"end":{"line":42,"column":26}}},"fnMap":{"0":{"name":"(anonymous_0)","decl":{"start":{"line":3,"column":21},"end":{"line":3,"column":22}},"loc":{"start":{"line":3,"column":34},"end":{"line":12,"column":1}},"line":3},"1":{"name":"(anonymous_1)","decl":{"start":{"line":5,"column":10},"end":{"line":5,"column":11}},"loc":{"start":{"line":5,"column":22},"end":{"line":7,"column":5}},"line":5},"2":{"name":"(anonymous_2)","decl":{"start":{"line":8,"column":11},"end":{"line":8,"column":12}},"loc":{"start":{"line":8,"column":17},"end":{"line":10,"column":5}},"line":8},"3":{"name":"(anonymous_3)","decl":{"start":{"line":14,"column":19},"end":{"line":14,"column":20}},"loc":{"start":{"line":14,"column":33},"end":{"line":25,"column":1}},"line":14},"4":{"name":"(anonymous_4)","decl":{"start":{"line":17,"column":14},"end":{"line":17,"column":15}},"loc":{"start":{"line":17,"column":26},"end":{"line":19,"column":9}},"line":17},"5":{"name":"(anonymous_5)","decl":{"start":{"line":20,"column":15},"end":{"line":20,"column":16}},"loc":{"start":{"line":20,"column":21},"end":{"line":22,"column":9}},"line":20},"6":{"name":"(anonymous_6)","decl":{"start":{"line":26,"column":18},"end":{"line":26,"column":19}},"loc":{"start":{"line":26,"column":31},"end":{"line":28,"column":1}},"line":26},"7":{"name":"(anonymous_7)","decl":{"start":{"line":34,"column":21},"end":{"line":34,"column":22}},"loc":{"start":{"line":34,"column":34},"end":{"line":44,"column":1}},"line":34},"8":{"name":"(anonymous_8)","decl":{"start":{"line":37,"column":14},"end":{"line":37,"column":15}},"loc":{"start":{"line":37,"column":31},"end":{"line":40,"column":9}},"line":37},"9":{"name":"(anonymous_9)","decl":{"start":{"line":41,"column":15},"end":{"line":41,"column":16}},"loc":{"start":{"line":41,"column":21},"end":{"line":43,"column":9}},"line":41}},"branchMap":{},"s":{"0":2,"1":2,"2":0,"3":0,"4":0,"5":2,"6":0,"7":0,"8":0,"9":2,"10":1,"11":2,"12":0,"13":0,"14":0,"15":0},"f":{"0":0,"1":0,"2":0,"3":0,"4":0,"5":0,"6":1,"7":0,"8":0,"9":0},"b":{},"_coverageSchema":"1a1c01bbd47fc00a2c39e90264f33305004495a9","hash":"c0f4b9b10e18fe470da37da24150bf9b397d436e"}
}
