TN:
SF:app.js
FN:36,(anonymous_0)
FN:39,(anonymous_1)
FN:47,(anonymous_2)
FNF:3
FNH:2
FNDA:2,(anonymous_0)
FNDA:0,(anonymous_1)
FNDA:2,(anonymous_2)
DA:2,2
DA:3,2
DA:5,2
DA:6,2
DA:8,2
DA:9,2
DA:10,2
DA:11,2
DA:16,2
DA:19,2
DA:20,2
DA:21,2
DA:22,2
DA:24,2
DA:25,2
DA:26,2
DA:27,2
DA:35,2
DA:37,2
DA:40,0
DA:43,2
DA:47,2
DA:48,2
LF:23
LH:22
BRF:0
BRH:0
end_of_record
TN:
SF:controllers\jobController.js
FN:6,(anonymous_0)
FN:10,(anonymous_1)
FN:28,(anonymous_2)
FN:34,(anonymous_3)
FN:45,(anonymous_4)
FN:50,(anonymous_5)
FN:59,(anonymous_6)
FN:65,(anonymous_7)
FN:71,(anonymous_8)
FN:80,(anonymous_9)
FN:94,(anonymous_10)
FN:103,(anonymous_11)
FN:111,(anonymous_12)
FN:119,(anonymous_13)
FNF:14
FNH:8
FNDA:0,(anonymous_0)
FNDA:19,(anonymous_1)
FNDA:13,(anonymous_2)
FNDA:0,(anonymous_3)
FNDA:11,(anonymous_4)
FNDA:2,(anonymous_5)
FNDA:0,(anonymous_6)
FNDA:9,(anonymous_7)
FNDA:0,(anonymous_8)
FNDA:7,(anonymous_9)
FNDA:2,(anonymous_10)
FNDA:0,(anonymous_11)
FNDA:2,(anonymous_12)
FNDA:0,(anonymous_13)
DA:2,2
DA:3,2
DA:6,2
DA:7,0
DA:10,2
DA:11,19
DA:14,19
DA:15,6
DA:16,6
DA:19,13
DA:27,13
DA:31,13
DA:35,0
DA:45,2
DA:47,11
DA:48,2
DA:49,2
DA:51,2
DA:52,1
DA:55,1
DA:60,0
DA:64,9
DA:67,9
DA:72,0
DA:80,2
DA:81,7
DA:82,7
DA:83,4
DA:92,3
DA:93,2
DA:95,2
DA:96,1
DA:100,1
DA:104,0
DA:111,2
DA:112,2
DA:113,2
DA:114,2
DA:115,1
DA:117,1
DA:119,0
DA:120,0
LF:42
LH:35
BRDA:14,0,0,6
BRDA:14,0,1,13
BRDA:14,1,0,19
BRDA:14,1,1,17
BRDA:14,1,2,16
BRDA:14,1,3,14
BRDA:36,2,0,0
BRDA:36,2,1,0
BRDA:47,3,0,2
BRDA:47,3,1,9
BRDA:51,4,0,1
BRDA:51,4,1,1
BRDA:72,5,0,0
BRDA:72,5,1,0
BRDA:82,6,0,4
BRDA:82,6,1,3
BRDA:82,7,0,7
BRDA:82,7,1,6
BRDA:82,7,2,5
BRDA:82,7,3,4
BRDA:95,8,0,1
BRDA:95,8,1,1
BRDA:114,9,0,1
BRDA:114,9,1,1
BRF:24
BRH:20
end_of_record
TN:
SF:controllers\userController.js
FN:11,(anonymous_0)
FN:16,(anonymous_1)
FN:38,(anonymous_2)
FN:48,(anonymous_3)
FN:61,(anonymous_4)
FN:71,(anonymous_5)
FN:75,(anonymous_6)
FNF:7
FNH:6
FNDA:1,(anonymous_0)
FNDA:19,(anonymous_1)
FNDA:6,(anonymous_2)
FNDA:6,(anonymous_3)
FNDA:0,(anonymous_4)
FNDA:1,(anonymous_5)
FNDA:4,(anonymous_6)
DA:3,2
DA:4,2
DA:6,2
DA:7,2
DA:8,2
DA:11,2
DA:12,1
DA:16,2
DA:17,19
DA:19,19
DA:20,4
DA:23,15
DA:24,3
DA:27,12
DA:28,5
DA:31,7
DA:32,1
DA:38,6
DA:39,6
DA:40,0
DA:48,6
DA:49,6
DA:54,6
DA:55,6
DA:62,0
DA:71,2
DA:72,1
DA:75,2
DA:77,4
DA:78,4
DA:82,4
DA:83,1
DA:87,3
DA:89,3
DA:90,1
DA:105,2
DA:106,2
DA:107,1
DA:111,1
DA:117,0
LF:40
LH:37
BRDA:19,0,0,4
BRDA:19,0,1,15
BRDA:19,1,0,19
BRDA:19,1,1,17
BRDA:19,1,2,16
BRDA:23,2,0,3
BRDA:23,2,1,12
BRDA:27,3,0,5
BRDA:27,3,1,7
BRDA:31,4,0,1
BRDA:31,4,1,6
BRDA:39,5,0,0
BRDA:39,5,1,6
BRDA:82,6,0,1
BRDA:82,6,1,3
BRDA:82,7,0,4
BRDA:82,7,1,3
BRDA:89,8,0,1
BRDA:89,8,1,2
BRDA:106,9,0,1
BRDA:106,9,1,1
BRF:21
BRH:20
end_of_record
TN:
SF:models\job.model.js
FNF:0
FNH:0
DA:1,2
DA:2,2
DA:6,2
DA:35,2
DA:37,2
LF:5
LH:5
BRF:0
BRH:0
end_of_record
TN:
SF:models\user.model.js
FN:34,(anonymous_0)
FNF:1
FNH:0
FNDA:0,(anonymous_0)
DA:1,2
DA:2,2
DA:3,2
DA:4,2
DA:5,2
DA:7,2
DA:10,2
DA:34,2
DA:35,0
DA:46,2
DA:47,2
LF:11
LH:10
BRF:0
BRH:0
end_of_record
TN:
SF:routes\route.js
FNF:0
FNH:0
DA:1,2
DA:2,2
DA:4,2
DA:5,2
DA:6,2
DA:9,2
DA:10,2
DA:12,2
DA:13,2
DA:17,2
DA:18,2
DA:19,2
DA:20,2
DA:21,2
DA:22,2
DA:23,2
DA:28,2
DA:29,2
DA:30,2
DA:31,2
DA:32,2
DA:34,2
LF:22
LH:22
BRF:0
BRH:0
end_of_record
TN:
SF:service\render.js
FN:3,(anonymous_0)
FN:5,(anonymous_1)
FN:8,(anonymous_2)
FN:14,(anonymous_3)
FN:17,(anonymous_4)
FN:20,(anonymous_5)
FN:26,(anonymous_6)
FN:34,(anonymous_7)
FN:37,(anonymous_8)
FN:41,(anonymous_9)
FNF:10
FNH:1
FNDA:0,(anonymous_0)
FNDA:0,(anonymous_1)
FNDA:0,(anonymous_2)
FNDA:0,(anonymous_3)
FNDA:0,(anonymous_4)
FNDA:0,(anonymous_5)
FNDA:1,(anonymous_6)
FNDA:0,(anonymous_7)
FNDA:0,(anonymous_8)
FNDA:0,(anonymous_9)
DA:1,2
DA:3,2
DA:4,0
DA:6,0
DA:9,0
DA:14,2
DA:16,0
DA:18,0
DA:21,0
DA:26,2
DA:27,1
DA:34,2
DA:36,0
DA:38,0
DA:39,0
DA:42,0
LF:16
LH:6
BRF:0
BRH:0
end_of_record
